<?xml version="1.0" encoding="UTF-8"?>
<testsuite name="com.bmanager.notebooks.service.NotebookServiceImplTest" tests="8" skipped="0" failures="0" errors="0" timestamp="2024-11-12T10:11:15" hostname="ArchSecondary" time="0.121">
  <properties/>
  <testcase name="deleteNotebook_common()" classname="com.bmanager.notebooks.service.NotebookServiceImplTest" time="0.06"/>
  <testcase name="updateNotebook_permission_denied_for_other_user()" classname="com.bmanager.notebooks.service.NotebookServiceImplTest" time="0.005"/>
  <testcase name="addDir_common()" classname="com.bmanager.notebooks.service.NotebookServiceImplTest" time="0.01"/>
  <testcase name="updateNotebook_common()" classname="com.bmanager.notebooks.service.NotebookServiceImplTest" time="0.006"/>
  <testcase name="deleteNotebook_permission_denied_for_other_user()" classname="com.bmanager.notebooks.service.NotebookServiceImplTest" time="0.005"/>
  <testcase name="getNotebook_permission_denied_for_other_user()" classname="com.bmanager.notebooks.service.NotebookServiceImplTest" time="0.005"/>
  <testcase name="getNotebooks_common()" classname="com.bmanager.notebooks.service.NotebookServiceImplTest" time="0.006"/>
  <testcase name="getNotebook_common()" classname="com.bmanager.notebooks.service.NotebookServiceImplTest" time="0.004"/>
  <system-out><![CDATA[17:11:11.401 [Test worker] INFO org.springframework.test.context.support.AnnotationConfigContextLoaderUtils -- Could not detect default configuration classes for test class [com.bmanager.notebooks.service.NotebookServiceImplTest]: NotebookServiceImplTest does not declare any static, non-private, non-final, nested classes annotated with @Configuration.
17:11:11.528 [Test worker] INFO org.springframework.boot.test.context.SpringBootTestContextBootstrapper -- Found @SpringBootConfiguration com.bmanager.notebooks.Application for test class com.bmanager.notebooks.service.NotebookServiceImplTest

  .   ____          _            __ _ _
 /\\ / ___'_ __ _ _(_)_ __  __ _ \ \ \ \
( ( )\___ | '_ | '_| | '_ \/ _` | \ \ \ \
 \\/  ___)| |_)| | | | | || (_| |  ) ) ) )
  '  |____| .__|_| |_|_| |_\__, | / / / /
 =========|_|==============|___/=/_/_/_/

 :: Spring Boot ::                (v3.3.4)

2024-11-12T17:11:11.930+07:00  INFO 510904 --- [notebooks] [    Test worker] c.b.n.service.NotebookServiceImplTest    : Starting NotebookServiceImplTest using Java 17.0.13 with PID 510904 (started by maxsmg in /home/maxsmg/git/pet/bmanagerBackend/notebooks.microservice)
2024-11-12T17:11:11.933+07:00  INFO 510904 --- [notebooks] [    Test worker] c.b.n.service.NotebookServiceImplTest    : No active profile set, falling back to 1 default profile: "default"
2024-11-12T17:11:13.575+07:00  INFO 510904 --- [notebooks] [    Test worker] org.hibernate.Version                    : HHH000412: Hibernate ORM core version 6.5.3.Final
2024-11-12T17:11:13.894+07:00  INFO 510904 --- [notebooks] [    Test worker] o.h.c.internal.RegionFactoryInitiator    : HHH000026: Second-level cache disabled
2024-11-12T17:11:14.009+07:00  WARN 510904 --- [notebooks] [    Test worker] org.hibernate.orm.connections.pooling    : HHH10001002: Using built-in connection pool (not intended for production use)
2024-11-12T17:11:14.013+07:00  INFO 510904 --- [notebooks] [    Test worker] org.hibernate.orm.connections.pooling    : HHH10001005: Loaded JDBC driver class: org.postgresql.Driver
2024-11-12T17:11:14.014+07:00  INFO 510904 --- [notebooks] [    Test worker] org.hibernate.orm.connections.pooling    : HHH10001012: Connecting with JDBC URL [jdbc:postgresql://10.8.0.1:5432/bmanager]
2024-11-12T17:11:14.014+07:00  INFO 510904 --- [notebooks] [    Test worker] org.hibernate.orm.connections.pooling    : HHH10001001: Connection properties: {password=****, user=postgres}
2024-11-12T17:11:14.014+07:00  INFO 510904 --- [notebooks] [    Test worker] org.hibernate.orm.connections.pooling    : HHH10001003: Autocommit mode: false
2024-11-12T17:11:14.018+07:00  INFO 510904 --- [notebooks] [    Test worker] org.hibernate.orm.connections.pooling    : HHH10001115: Connection pool size: 10 (min=1)
2024-11-12T17:11:15.161+07:00  INFO 510904 --- [notebooks] [    Test worker] org.hibernate.orm.connections.access     : HHH10001501: Connection obtained from JdbcConnectionAccess [org.hibernate.engine.jdbc.env.internal.JdbcEnvironmentInitiator$ConnectionProviderJdbcConnectionAccess@2b3d03b2] for (non-JTA) DDL execution was not in auto-commit mode; the Connection 'local transaction' will be committed and the Connection will be set into auto-commit mode.
2024-11-12T17:11:15.860+07:00  INFO 510904 --- [notebooks] [    Test worker] c.b.n.service.NotebookServiceImplTest    : Started NotebookServiceImplTest in 4.181 seconds (process running for 5.331)
false
]]></system-out>
  <system-err><![CDATA[]]></system-err>
</testsuite>
