<?xml version="1.0" encoding="UTF-8"?>
<testsuite name="com.bmanager.dirs.service.DirServiceImplTest" tests="9" skipped="0" failures="0" errors="0" timestamp="2024-11-12T07:15:51" hostname="ArchSecondary" time="0.095">
  <properties/>
  <testcase name="updateDir_common()" classname="com.bmanager.dirs.service.DirServiceImplTest" time="0.045"/>
  <testcase name="getDir_common()" classname="com.bmanager.dirs.service.DirServiceImplTest" time="0.005"/>
  <testcase name="addDir_common()" classname="com.bmanager.dirs.service.DirServiceImplTest" time="0.005"/>
  <testcase name="addDir_permission_denied_for_other_user()" classname="com.bmanager.dirs.service.DirServiceImplTest" time="0.005"/>
  <testcase name="updateDir_permission_denied_for_other_user()" classname="com.bmanager.dirs.service.DirServiceImplTest" time="0.004"/>
  <testcase name="getDir_permission_denied_for_other_user()" classname="com.bmanager.dirs.service.DirServiceImplTest" time="0.004"/>
  <testcase name="getDirs_common()" classname="com.bmanager.dirs.service.DirServiceImplTest" time="0.004"/>
  <testcase name="deleteDir_permission_denied_for_other_user()" classname="com.bmanager.dirs.service.DirServiceImplTest" time="0.004"/>
  <testcase name="deleteDir_common()" classname="com.bmanager.dirs.service.DirServiceImplTest" time="0.004"/>
  <system-out><![CDATA[14:15:47.086 [Test worker] INFO org.springframework.test.context.support.AnnotationConfigContextLoaderUtils -- Could not detect default configuration classes for test class [com.bmanager.dirs.service.DirServiceImplTest]: DirServiceImplTest does not declare any static, non-private, non-final, nested classes annotated with @Configuration.
14:15:47.207 [Test worker] INFO org.springframework.boot.test.context.SpringBootTestContextBootstrapper -- Found @SpringBootConfiguration com.bmanager.dirs.Application for test class com.bmanager.dirs.service.DirServiceImplTest

  .   ____          _            __ _ _
 /\\ / ___'_ __ _ _(_)_ __  __ _ \ \ \ \
( ( )\___ | '_ | '_| | '_ \/ _` | \ \ \ \
 \\/  ___)| |_)| | | | | || (_| |  ) ) ) )
  '  |____| .__|_| |_|_| |_\__, | / / / /
 =========|_|==============|___/=/_/_/_/

 :: Spring Boot ::                (v3.3.2)

2024-11-12T14:15:47.657+07:00  INFO 456983 --- [dirs] [    Test worker] c.b.dirs.service.DirServiceImplTest      : Starting DirServiceImplTest using Java 17.0.13 with PID 456983 (started by maxsmg in /home/maxsmg/git/pet/bmanagerBackend/dirs.microservice)
2024-11-12T14:15:47.660+07:00  INFO 456983 --- [dirs] [    Test worker] c.b.dirs.service.DirServiceImplTest      : No active profile set, falling back to 1 default profile: "default"
2024-11-12T14:15:49.391+07:00  INFO 456983 --- [dirs] [    Test worker] org.hibernate.Version                    : HHH000412: Hibernate ORM core version 6.5.2.Final
2024-11-12T14:15:49.720+07:00  INFO 456983 --- [dirs] [    Test worker] o.h.c.internal.RegionFactoryInitiator    : HHH000026: Second-level cache disabled
2024-11-12T14:15:49.828+07:00  WARN 456983 --- [dirs] [    Test worker] org.hibernate.orm.connections.pooling    : HHH10001002: Using built-in connection pool (not intended for production use)
2024-11-12T14:15:49.833+07:00  INFO 456983 --- [dirs] [    Test worker] org.hibernate.orm.connections.pooling    : HHH10001005: Loaded JDBC driver class: org.postgresql.Driver
2024-11-12T14:15:49.833+07:00  INFO 456983 --- [dirs] [    Test worker] org.hibernate.orm.connections.pooling    : HHH10001012: Connecting with JDBC URL [jdbc:postgresql://10.8.0.1:5432/bmanager]
2024-11-12T14:15:49.833+07:00  INFO 456983 --- [dirs] [    Test worker] org.hibernate.orm.connections.pooling    : HHH10001001: Connection properties: {password=****, user=postgres}
2024-11-12T14:15:49.833+07:00  INFO 456983 --- [dirs] [    Test worker] org.hibernate.orm.connections.pooling    : HHH10001003: Autocommit mode: false
2024-11-12T14:15:49.836+07:00  INFO 456983 --- [dirs] [    Test worker] org.hibernate.orm.connections.pooling    : HHH10001115: Connection pool size: 10 (min=1)
2024-11-12T14:15:50.738+07:00  INFO 456983 --- [dirs] [    Test worker] org.hibernate.orm.connections.access     : HHH10001501: Connection obtained from JdbcConnectionAccess [org.hibernate.engine.jdbc.env.internal.JdbcEnvironmentInitiator$ConnectionProviderJdbcConnectionAccess@78b44fcb] for (non-JTA) DDL execution was not in auto-commit mode; the Connection 'local transaction' will be committed and the Connection will be set into auto-commit mode.
2024-11-12T14:15:51.352+07:00  INFO 456983 --- [dirs] [    Test worker] c.b.dirs.service.DirServiceImplTest      : Started DirServiceImplTest in 3.99 seconds (process running for 5.09)
]]></system-out>
  <system-err><![CDATA[]]></system-err>
</testsuite>
